[34m2019-08-05 17:06:52.535 CST [localconfig] completeInitialization -> INFO 001[0m Kafka.Version unset, setting to 0.10.2.0
[34m2019-08-05 17:06:52.546 CST [orderer.common.server] prettyPrintStruct -> INFO 002[0m Orderer config values:
	General.LedgerType = "file"
	General.ListenAddress = "0.0.0.0"
	General.ListenPort = 7050
	General.TLS.Enabled = true
	General.TLS.PrivateKey = "/opt/hyperledger/gopenbanking/crypto-config/ordererOrganizations/italktoyou.cn/orderers/orderer.italktoyou.cn/tls/server.key"
	General.TLS.Certificate = "/opt/hyperledger/gopenbanking/crypto-config/ordererOrganizations/italktoyou.cn/orderers/orderer.italktoyou.cn/tls/server.crt"
	General.TLS.RootCAs = [/opt/hyperledger/gopenbanking/crypto-config/ordererOrganizations/italktoyou.cn/orderers/orderer.italktoyou.cn/tls/ca.crt]
	General.TLS.ClientAuthRequired = false
	General.TLS.ClientRootCAs = []
	General.Cluster.ListenAddress = ""
	General.Cluster.ListenPort = 0
	General.Cluster.ServerCertificate = ""
	General.Cluster.ServerPrivateKey = ""
	General.Cluster.ClientCertificate = ""
	General.Cluster.ClientPrivateKey = ""
	General.Cluster.RootCAs = []
	General.Cluster.DialTimeout = 5s
	General.Cluster.RPCTimeout = 7s
	General.Cluster.ReplicationBufferSize = 20971520
	General.Cluster.ReplicationPullTimeout = 5s
	General.Cluster.ReplicationRetryTimeout = 5s
	General.Cluster.ReplicationBackgroundRefreshInterval = 5m0s
	General.Cluster.ReplicationMaxRetries = 12
	General.Cluster.SendBufferSize = 10
	General.Cluster.CertExpirationWarningThreshold = 168h0m0s
	General.Keepalive.ServerMinInterval = 1m0s
	General.Keepalive.ServerInterval = 2h0m0s
	General.Keepalive.ServerTimeout = 20s
	General.ConnectionTimeout = 0s
	General.GenesisMethod = "file"
	General.GenesisProfile = "OrdererGenesis"
	General.SystemChannel = "test-system-channel-name"
	General.GenesisFile = "/opt/hyperledger/gopenbanking/orderer.genesis.block"
	General.Profile.Enabled = false
	General.Profile.Address = "0.0.0.0:6060"
	General.LocalMSPDir = "/opt/hyperledger/gopenbanking/crypto-config/ordererOrganizations/italktoyou.cn/orderers/orderer.italktoyou.cn/msp"
	General.LocalMSPID = "OrdererMSP"
	General.BCCSP.ProviderName = "SW"
	General.BCCSP.SwOpts.SecLevel = 256
	General.BCCSP.SwOpts.HashFamily = "SHA2"
	General.BCCSP.SwOpts.Ephemeral = false
	General.BCCSP.SwOpts.FileKeystore.KeyStorePath = "/opt/hyperledger/gopenbanking/crypto-config/ordererOrganizations/italktoyou.cn/orderers/orderer.italktoyou.cn/msp/keystore"
	General.BCCSP.SwOpts.DummyKeystore =
	General.BCCSP.SwOpts.InmemKeystore =
	General.BCCSP.PluginOpts =
	General.Authentication.TimeWindow = 15m0s
	FileLedger.Location = "/opt/hyperledger/gopenbanking/production/orderer"
	FileLedger.Prefix = "hyperledger-gopenbanking-ordererledger"
	RAMLedger.HistorySize = 1000
	Kafka.Retry.ShortInterval = 5s
	Kafka.Retry.ShortTotal = 10m0s
	Kafka.Retry.LongInterval = 5m0s
	Kafka.Retry.LongTotal = 12h0m0s
	Kafka.Retry.NetworkTimeouts.DialTimeout = 10s
	Kafka.Retry.NetworkTimeouts.ReadTimeout = 10s
	Kafka.Retry.NetworkTimeouts.WriteTimeout = 10s
	Kafka.Retry.Metadata.RetryMax = 3
	Kafka.Retry.Metadata.RetryBackoff = 250ms
	Kafka.Retry.Producer.RetryMax = 3
	Kafka.Retry.Producer.RetryBackoff = 100ms
	Kafka.Retry.Consumer.RetryBackoff = 2s
	Kafka.Verbose = false
	Kafka.Version = 0.10.2.0
	Kafka.TLS.Enabled = false
	Kafka.TLS.PrivateKey = ""
	Kafka.TLS.Certificate = ""
	Kafka.TLS.RootCAs = []
	Kafka.TLS.ClientAuthRequired = false
	Kafka.TLS.ClientRootCAs = []
	Kafka.SASLPlain.Enabled = false
	Kafka.SASLPlain.User = ""
	Kafka.SASLPlain.Password = ""
	Kafka.Topic.ReplicationFactor = 3
	Debug.BroadcastTraceDir = ""
	Debug.DeliverTraceDir = ""
	Consensus = map[SnapDir:/opt/hyperledger/gopenbanking/production/orderer/etcdraft/snapshot WALDir:/opt/hyperledger/gopenbanking/production/orderer/etcdraft/wal]
	Operations.ListenAddress = "127.0.0.1:8443"
	Operations.TLS.Enabled = false
	Operations.TLS.PrivateKey = ""
	Operations.TLS.Certificate = ""
	Operations.TLS.RootCAs = []
	Operations.TLS.ClientAuthRequired = false
	Operations.TLS.ClientRootCAs = []
	Metrics.Provider = "disabled"
	Metrics.Statsd.Network = "udp"
	Metrics.Statsd.Address = ""
	Metrics.Statsd.WriteInterval = 30s
	Metrics.Statsd.Prefix = ""
[34m2019-08-05 17:06:52.562 CST [orderer.common.server] extractSysChanLastConfig -> INFO 003[0m Not bootstrapping because of 1 existing channels
[34m2019-08-05 17:06:52.565 CST [orderer.common.server] extractSysChanLastConfig -> INFO 004[0m System channel: name=gopenchannel, height=1, last config block number=0
[34m2019-08-05 17:06:52.565 CST [orderer.common.server] selectClusterBootBlock -> INFO 005[0m Cluster boot block is bootstrap (genesis) block; Blocks Header.Number system-channel=0, bootstrap=0
[34m2019-08-05 17:06:52.573 CST [orderer.common.cluster] loadVerifier -> INFO 006[0m Loaded verifier for channel gopenchannel from config block at index 0
[34m2019-08-05 17:06:52.573 CST [orderer.common.server] initializeServerConfig -> INFO 007[0m Starting orderer with TLS enabled
[34m2019-08-05 17:06:52.573 CST [orderer.common.server] initializeMultichannelRegistrar -> INFO 008[0m Not bootstrapping because of existing channels
[34m2019-08-05 17:06:52.579 CST [orderer.commmon.multichannel] Initialize -> INFO 009[0m Starting system channel 'gopenchannel' with genesis block hash c3d46bfb82a4c5099ccf8fc7480b29f10f005c6de6cd507c89fff5556a035691 and orderer type solo
[34m2019-08-05 17:06:52.579 CST [orderer.common.server] Start -> INFO 00a[0m Starting orderer:
 Version: 1.4.2
 Commit SHA: c6cc550
 Go version: go1.11.5
 OS/Arch: linux/amd64
[34m2019-08-05 17:06:52.579 CST [orderer.common.server] Start -> INFO 00b[0m Beginning to serve requests
