[34m2019-08-05 17:06:52.535 CST [localconfig] completeInitialization -> INFO 001[0m Kafka.Version unset, setting to 0.10.2.0
[34m2019-08-05 17:06:52.546 CST [orderer.common.server] prettyPrintStruct -> INFO 002[0m Orderer config values:
	General.LedgerType = "file"
	General.ListenAddress = "0.0.0.0"
	General.ListenPort = 7050
	General.TLS.Enabled = true
	General.TLS.PrivateKey = "/opt/hyperledger/gopenbanking/crypto-config/ordererOrganizations/italktoyou.cn/orderers/orderer.italktoyou.cn/tls/server.key"
	General.TLS.Certificate = "/opt/hyperledger/gopenbanking/crypto-config/ordererOrganizations/italktoyou.cn/orderers/orderer.italktoyou.cn/tls/server.crt"
	General.TLS.RootCAs = [/opt/hyperledger/gopenbanking/crypto-config/ordererOrganizations/italktoyou.cn/orderers/orderer.italktoyou.cn/tls/ca.crt]
	General.TLS.ClientAuthRequired = false
	General.TLS.ClientRootCAs = []
	General.Cluster.ListenAddress = ""
	General.Cluster.ListenPort = 0
	General.Cluster.ServerCertificate = ""
	General.Cluster.ServerPrivateKey = ""
	General.Cluster.ClientCertificate = ""
	General.Cluster.ClientPrivateKey = ""
	General.Cluster.RootCAs = []
	General.Cluster.DialTimeout = 5s
	General.Cluster.RPCTimeout = 7s
	General.Cluster.ReplicationBufferSize = 20971520
	General.Cluster.ReplicationPullTimeout = 5s
	General.Cluster.ReplicationRetryTimeout = 5s
	General.Cluster.ReplicationBackgroundRefreshInterval = 5m0s
	General.Cluster.ReplicationMaxRetries = 12
	General.Cluster.SendBufferSize = 10
	General.Cluster.CertExpirationWarningThreshold = 168h0m0s
	General.Keepalive.ServerMinInterval = 1m0s
	General.Keepalive.ServerInterval = 2h0m0s
	General.Keepalive.ServerTimeout = 20s
	General.ConnectionTimeout = 0s
	General.GenesisMethod = "file"
	General.GenesisProfile = "OrdererGenesis"
	General.SystemChannel = "test-system-channel-name"
	General.GenesisFile = "/opt/hyperledger/gopenbanking/orderer.genesis.block"
	General.Profile.Enabled = false
	General.Profile.Address = "0.0.0.0:6060"
	General.LocalMSPDir = "/opt/hyperledger/gopenbanking/crypto-config/ordererOrganizations/italktoyou.cn/orderers/orderer.italktoyou.cn/msp"
	General.LocalMSPID = "OrdererMSP"
	General.BCCSP.ProviderName = "SW"
	General.BCCSP.SwOpts.SecLevel = 256
	General.BCCSP.SwOpts.HashFamily = "SHA2"
	General.BCCSP.SwOpts.Ephemeral = false
	General.BCCSP.SwOpts.FileKeystore.KeyStorePath = "/opt/hyperledger/gopenbanking/crypto-config/ordererOrganizations/italktoyou.cn/orderers/orderer.italktoyou.cn/msp/keystore"
	General.BCCSP.SwOpts.DummyKeystore =
	General.BCCSP.SwOpts.InmemKeystore =
	General.BCCSP.PluginOpts =
	General.Authentication.TimeWindow = 15m0s
	FileLedger.Location = "/opt/hyperledger/gopenbanking/production/orderer"
	FileLedger.Prefix = "hyperledger-gopenbanking-ordererledger"
	RAMLedger.HistorySize = 1000
	Kafka.Retry.ShortInterval = 5s
	Kafka.Retry.ShortTotal = 10m0s
	Kafka.Retry.LongInterval = 5m0s
	Kafka.Retry.LongTotal = 12h0m0s
	Kafka.Retry.NetworkTimeouts.DialTimeout = 10s
	Kafka.Retry.NetworkTimeouts.ReadTimeout = 10s
	Kafka.Retry.NetworkTimeouts.WriteTimeout = 10s
	Kafka.Retry.Metadata.RetryMax = 3
	Kafka.Retry.Metadata.RetryBackoff = 250ms
	Kafka.Retry.Producer.RetryMax = 3
	Kafka.Retry.Producer.RetryBackoff = 100ms
	Kafka.Retry.Consumer.RetryBackoff = 2s
	Kafka.Verbose = false
	Kafka.Version = 0.10.2.0
	Kafka.TLS.Enabled = false
	Kafka.TLS.PrivateKey = ""
	Kafka.TLS.Certificate = ""
	Kafka.TLS.RootCAs = []
	Kafka.TLS.ClientAuthRequired = false
	Kafka.TLS.ClientRootCAs = []
	Kafka.SASLPlain.Enabled = false
	Kafka.SASLPlain.User = ""
	Kafka.SASLPlain.Password = ""
	Kafka.Topic.ReplicationFactor = 3
	Debug.BroadcastTraceDir = ""
	Debug.DeliverTraceDir = ""
	Consensus = map[SnapDir:/opt/hyperledger/gopenbanking/production/orderer/etcdraft/snapshot WALDir:/opt/hyperledger/gopenbanking/production/orderer/etcdraft/wal]
	Operations.ListenAddress = "127.0.0.1:8443"
	Operations.TLS.Enabled = false
	Operations.TLS.PrivateKey = ""
	Operations.TLS.Certificate = ""
	Operations.TLS.RootCAs = []
	Operations.TLS.ClientAuthRequired = false
	Operations.TLS.ClientRootCAs = []
	Metrics.Provider = "disabled"
	Metrics.Statsd.Network = "udp"
	Metrics.Statsd.Address = ""
	Metrics.Statsd.WriteInterval = 30s
	Metrics.Statsd.Prefix = ""
[34m2019-08-05 17:06:52.562 CST [orderer.common.server] extractSysChanLastConfig -> INFO 003[0m Not bootstrapping because of 1 existing channels
[34m2019-08-05 17:06:52.565 CST [orderer.common.server] extractSysChanLastConfig -> INFO 004[0m System channel: name=gopenchannel, height=1, last config block number=0
[34m2019-08-05 17:06:52.565 CST [orderer.common.server] selectClusterBootBlock -> INFO 005[0m Cluster boot block is bootstrap (genesis) block; Blocks Header.Number system-channel=0, bootstrap=0
[34m2019-08-05 17:06:52.573 CST [orderer.common.cluster] loadVerifier -> INFO 006[0m Loaded verifier for channel gopenchannel from config block at index 0
[34m2019-08-05 17:06:52.573 CST [orderer.common.server] initializeServerConfig -> INFO 007[0m Starting orderer with TLS enabled
[34m2019-08-05 17:06:52.573 CST [orderer.common.server] initializeMultichannelRegistrar -> INFO 008[0m Not bootstrapping because of existing channels
[34m2019-08-05 17:06:52.579 CST [orderer.commmon.multichannel] Initialize -> INFO 009[0m Starting system channel 'gopenchannel' with genesis block hash c3d46bfb82a4c5099ccf8fc7480b29f10f005c6de6cd507c89fff5556a035691 and orderer type solo
[34m2019-08-05 17:06:52.579 CST [orderer.common.server] Start -> INFO 00a[0m Starting orderer:
 Version: 1.4.2
 Commit SHA: c6cc550
 Go version: go1.11.5
 OS/Arch: linux/amd64
[34m2019-08-05 17:06:52.579 CST [orderer.common.server] Start -> INFO 00b[0m Beginning to serve requests
[31m2019-08-06 15:32:33.322 CST [core.comm] ServerHandshake -> ERRO 00c[0m TLS handshake failed with error tls: first record does not look like a TLS handshake server=Orderer remoteaddress=172.26.148.216:36092
[31m2019-08-06 15:32:33.323 CST [core.comm] ServerHandshake -> ERRO 00d[0m TLS handshake failed with error tls: first record does not look like a TLS handshake server=Orderer remoteaddress=172.26.148.216:36094
[34m2019-08-06 15:33:46.219 CST [orderer.common.server] handleSignals -> INFO 00e[0m Received signal: 15 (terminated)
[31m2019-08-06 15:34:06.958 CST [orderer.common.server] Main -> ERRO 001[0m failed to parse config:  Error reading configuration: Unsupported Config Type ""
[34m2019-08-06 15:36:54.973 CST [localconfig] completeInitialization -> INFO 001[0m Kafka.Version unset, setting to 0.10.2.0
[34m2019-08-06 15:36:54.984 CST [orderer.common.server] prettyPrintStruct -> INFO 002[0m Orderer config values:
	General.LedgerType = "file"
	General.ListenAddress = "0.0.0.0"
	General.ListenPort = 7050
	General.TLS.Enabled = false
	General.TLS.PrivateKey = "/opt/hyperledger/gopenbanking/crypto-config/ordererOrganizations/italktoyou.cn/orderers/orderer.italktoyou.cn/tls/server.key"
	General.TLS.Certificate = "/opt/hyperledger/gopenbanking/crypto-config/ordererOrganizations/italktoyou.cn/orderers/orderer.italktoyou.cn/tls/server.crt"
	General.TLS.RootCAs = [/opt/hyperledger/gopenbanking/crypto-config/ordererOrganizations/italktoyou.cn/orderers/orderer.italktoyou.cn/tls/ca.crt]
	General.TLS.ClientAuthRequired = false
	General.TLS.ClientRootCAs = []
	General.Cluster.ListenAddress = ""
	General.Cluster.ListenPort = 0
	General.Cluster.ServerCertificate = ""
	General.Cluster.ServerPrivateKey = ""
	General.Cluster.ClientCertificate = ""
	General.Cluster.ClientPrivateKey = ""
	General.Cluster.RootCAs = []
	General.Cluster.DialTimeout = 5s
	General.Cluster.RPCTimeout = 7s
	General.Cluster.ReplicationBufferSize = 20971520
	General.Cluster.ReplicationPullTimeout = 5s
	General.Cluster.ReplicationRetryTimeout = 5s
	General.Cluster.ReplicationBackgroundRefreshInterval = 5m0s
	General.Cluster.ReplicationMaxRetries = 12
	General.Cluster.SendBufferSize = 10
	General.Cluster.CertExpirationWarningThreshold = 168h0m0s
	General.Keepalive.ServerMinInterval = 1m0s
	General.Keepalive.ServerInterval = 2h0m0s
	General.Keepalive.ServerTimeout = 20s
	General.ConnectionTimeout = 0s
	General.GenesisMethod = "file"
	General.GenesisProfile = "OrdererGenesis"
	General.SystemChannel = "test-system-channel-name"
	General.GenesisFile = "/opt/hyperledger/gopenbanking/orderer.genesis.block"
	General.Profile.Enabled = false
	General.Profile.Address = "0.0.0.0:6060"
	General.LocalMSPDir = "/opt/hyperledger/gopenbanking/crypto-config/ordererOrganizations/italktoyou.cn/orderers/orderer.italktoyou.cn/msp"
	General.LocalMSPID = "OrdererMSP"
	General.BCCSP.ProviderName = "SW"
	General.BCCSP.SwOpts.SecLevel = 256
	General.BCCSP.SwOpts.HashFamily = "SHA2"
	General.BCCSP.SwOpts.Ephemeral = false
	General.BCCSP.SwOpts.FileKeystore.KeyStorePath = "/opt/hyperledger/gopenbanking/crypto-config/ordererOrganizations/italktoyou.cn/orderers/orderer.italktoyou.cn/msp/keystore"
	General.BCCSP.SwOpts.DummyKeystore =
	General.BCCSP.SwOpts.InmemKeystore =
	General.BCCSP.PluginOpts =
	General.Authentication.TimeWindow = 15m0s
	FileLedger.Location = "/opt/hyperledger/gopenbanking/production/orderer"
	FileLedger.Prefix = "hyperledger-gopenbanking-ordererledger"
	RAMLedger.HistorySize = 1000
	Kafka.Retry.ShortInterval = 5s
	Kafka.Retry.ShortTotal = 10m0s
	Kafka.Retry.LongInterval = 5m0s
	Kafka.Retry.LongTotal = 12h0m0s
	Kafka.Retry.NetworkTimeouts.DialTimeout = 10s
	Kafka.Retry.NetworkTimeouts.ReadTimeout = 10s
	Kafka.Retry.NetworkTimeouts.WriteTimeout = 10s
	Kafka.Retry.Metadata.RetryMax = 3
	Kafka.Retry.Metadata.RetryBackoff = 250ms
	Kafka.Retry.Producer.RetryMax = 3
	Kafka.Retry.Producer.RetryBackoff = 100ms
	Kafka.Retry.Consumer.RetryBackoff = 2s
	Kafka.Verbose = false
	Kafka.Version = 0.10.2.0
	Kafka.TLS.Enabled = false
	Kafka.TLS.PrivateKey = ""
	Kafka.TLS.Certificate = ""
	Kafka.TLS.RootCAs = []
	Kafka.TLS.ClientAuthRequired = false
	Kafka.TLS.ClientRootCAs = []
	Kafka.SASLPlain.Enabled = false
	Kafka.SASLPlain.User = ""
	Kafka.SASLPlain.Password = ""
	Kafka.Topic.ReplicationFactor = 3
	Debug.BroadcastTraceDir = ""
	Debug.DeliverTraceDir = ""
	Consensus = map[WALDir:/opt/hyperledger/gopenbanking/production/orderer/etcdraft/wal SnapDir:/opt/hyperledger/gopenbanking/production/orderer/etcdraft/snapshot]
	Operations.ListenAddress = "127.0.0.1:8443"
	Operations.TLS.Enabled = false
	Operations.TLS.PrivateKey = ""
	Operations.TLS.Certificate = ""
	Operations.TLS.RootCAs = []
	Operations.TLS.ClientAuthRequired = false
	Operations.TLS.ClientRootCAs = []
	Metrics.Provider = "disabled"
	Metrics.Statsd.Network = "udp"
	Metrics.Statsd.Address = ""
	Metrics.Statsd.WriteInterval = 30s
	Metrics.Statsd.Prefix = ""
[34m2019-08-06 15:36:54.998 CST [orderer.common.server] extractSysChanLastConfig -> INFO 003[0m Not bootstrapping because of 1 existing channels
[34m2019-08-06 15:36:55.001 CST [orderer.common.server] extractSysChanLastConfig -> INFO 004[0m System channel: name=gopenchannel, height=1, last config block number=0
[34m2019-08-06 15:36:55.001 CST [orderer.common.server] selectClusterBootBlock -> INFO 005[0m Cluster boot block is bootstrap (genesis) block; Blocks Header.Number system-channel=0, bootstrap=0
[34m2019-08-06 15:36:55.009 CST [orderer.common.cluster] loadVerifier -> INFO 006[0m Loaded verifier for channel gopenchannel from config block at index 0
[34m2019-08-06 15:36:55.010 CST [orderer.common.server] initializeMultichannelRegistrar -> INFO 007[0m Not bootstrapping because of existing channels
[34m2019-08-06 15:36:55.016 CST [orderer.commmon.multichannel] Initialize -> INFO 008[0m Starting system channel 'gopenchannel' with genesis block hash c3d46bfb82a4c5099ccf8fc7480b29f10f005c6de6cd507c89fff5556a035691 and orderer type solo
[34m2019-08-06 15:36:55.016 CST [orderer.common.server] Start -> INFO 009[0m Starting orderer:
 Version: 1.4.2
 Commit SHA: c6cc550
 Go version: go1.11.5
 OS/Arch: linux/amd64
[34m2019-08-06 15:36:55.016 CST [orderer.common.server] Start -> INFO 00a[0m Beginning to serve requests
[33m2019-08-06 15:38:42.928 CST [orderer.common.broadcast] ProcessMessage -> WARN 00b[0m [channel: orgschannel] Rejecting broadcast of config message from 172.26.148.216:36098 because of error: config does not validly parse: cannot enable application capabilities without orderer support first
[34m2019-08-06 15:38:42.928 CST [comm.grpc.server] 1 -> INFO 00c[0m streaming call completed grpc.service=orderer.AtomicBroadcast grpc.method=Broadcast grpc.peer_address=172.26.148.216:36098 grpc.code=OK grpc.call_duration=10.189747ms
[33m2019-08-06 15:38:42.929 CST [common.deliver] Handle -> WARN 00d[0m Error reading from 172.26.148.216:36096: rpc error: code = Canceled desc = context canceled
[34m2019-08-06 15:38:42.929 CST [comm.grpc.server] 1 -> INFO 00e[0m streaming call completed grpc.service=orderer.AtomicBroadcast grpc.method=Deliver grpc.peer_address=172.26.148.216:36096 error="rpc error: code = Canceled desc = context canceled" grpc.code=Canceled grpc.call_duration=12.404858ms
[33m2019-08-06 22:33:45.290 CST [orderer.common.broadcast] ProcessMessage -> WARN 00f[0m [channel: orgschannel] Rejecting broadcast of config message from 172.26.148.216:36318 because of error: error validating channel creation transaction for new channel 'orgschannel', could not succesfully apply update to template configuration: error authorizing update: error validating DeltaSet: policy for [Group]  /Channel/Application not satisfied: implicit policy evaluation failed - 0 sub-policies were satisfied, but this policy requires 1 of the 'Admins' sub-policies to be satisfied
[34m2019-08-06 22:33:45.290 CST [comm.grpc.server] 1 -> INFO 010[0m streaming call completed grpc.service=orderer.AtomicBroadcast grpc.method=Broadcast grpc.peer_address=172.26.148.216:36318 grpc.code=OK grpc.call_duration=5.179985ms
[33m2019-08-06 22:33:45.292 CST [common.deliver] Handle -> WARN 011[0m Error reading from 172.26.148.216:36316: rpc error: code = Canceled desc = context canceled
[34m2019-08-06 22:33:45.292 CST [comm.grpc.server] 1 -> INFO 012[0m streaming call completed grpc.service=orderer.AtomicBroadcast grpc.method=Deliver grpc.peer_address=172.26.148.216:36316 error="rpc error: code = Canceled desc = context canceled" grpc.code=Canceled grpc.call_duration=7.691758ms
[33m2019-08-06 22:35:43.039 CST [orderer.common.broadcast] ProcessMessage -> WARN 013[0m [channel: orgschannel] Rejecting broadcast of config message from 172.26.148.216:36322 because of error: config does not validly parse: cannot enable application capabilities without orderer support first
[34m2019-08-06 22:35:43.039 CST [comm.grpc.server] 1 -> INFO 014[0m streaming call completed grpc.service=orderer.AtomicBroadcast grpc.method=Broadcast grpc.peer_address=172.26.148.216:36322 grpc.code=OK grpc.call_duration=10.122641ms
[33m2019-08-06 22:35:43.041 CST [common.deliver] Handle -> WARN 015[0m Error reading from 172.26.148.216:36320: rpc error: code = Canceled desc = context canceled
[34m2019-08-06 22:35:43.041 CST [comm.grpc.server] 1 -> INFO 016[0m streaming call completed grpc.service=orderer.AtomicBroadcast grpc.method=Deliver grpc.peer_address=172.26.148.216:36320 error="rpc error: code = Canceled desc = context canceled" grpc.code=Canceled grpc.call_duration=12.497726ms
[34m2019-08-06 22:51:11.105 CST [orderer.common.server] handleSignals -> INFO 017[0m Received signal: 15 (terminated)
[34m2019-08-06 23:19:39.022 CST [localconfig] completeInitialization -> INFO 001[0m Kafka.Version unset, setting to 0.10.2.0
[34m2019-08-06 23:19:39.032 CST [orderer.common.server] prettyPrintStruct -> INFO 002[0m Orderer config values:
	General.LedgerType = "file"
	General.ListenAddress = "0.0.0.0"
	General.ListenPort = 7050
	General.TLS.Enabled = false
	General.TLS.PrivateKey = "/opt/hyperledger/gopenbanking/crypto-config/ordererOrganizations/italktoyou.cn/orderers/orderer.italktoyou.cn/tls/server.key"
	General.TLS.Certificate = "/opt/hyperledger/gopenbanking/crypto-config/ordererOrganizations/italktoyou.cn/orderers/orderer.italktoyou.cn/tls/server.crt"
	General.TLS.RootCAs = [/opt/hyperledger/gopenbanking/crypto-config/ordererOrganizations/italktoyou.cn/orderers/orderer.italktoyou.cn/tls/ca.crt]
	General.TLS.ClientAuthRequired = false
	General.TLS.ClientRootCAs = []
	General.Cluster.ListenAddress = ""
	General.Cluster.ListenPort = 0
	General.Cluster.ServerCertificate = ""
	General.Cluster.ServerPrivateKey = ""
	General.Cluster.ClientCertificate = ""
	General.Cluster.ClientPrivateKey = ""
	General.Cluster.RootCAs = []
	General.Cluster.DialTimeout = 5s
	General.Cluster.RPCTimeout = 7s
	General.Cluster.ReplicationBufferSize = 20971520
	General.Cluster.ReplicationPullTimeout = 5s
	General.Cluster.ReplicationRetryTimeout = 5s
	General.Cluster.ReplicationBackgroundRefreshInterval = 5m0s
	General.Cluster.ReplicationMaxRetries = 12
	General.Cluster.SendBufferSize = 10
	General.Cluster.CertExpirationWarningThreshold = 168h0m0s
	General.Keepalive.ServerMinInterval = 1m0s
	General.Keepalive.ServerInterval = 2h0m0s
	General.Keepalive.ServerTimeout = 20s
	General.ConnectionTimeout = 0s
	General.GenesisMethod = "file"
	General.GenesisProfile = "OrdererGenesis"
	General.SystemChannel = "test-system-channel-name"
	General.GenesisFile = "/opt/hyperledger/gopenbanking/orderer.genesis.block"
	General.Profile.Enabled = false
	General.Profile.Address = "0.0.0.0:6060"
	General.LocalMSPDir = "/opt/hyperledger/gopenbanking/crypto-config/ordererOrganizations/italktoyou.cn/orderers/orderer.italktoyou.cn/msp"
	General.LocalMSPID = "OrdererMSP"
	General.BCCSP.ProviderName = "SW"
	General.BCCSP.SwOpts.SecLevel = 256
	General.BCCSP.SwOpts.HashFamily = "SHA2"
	General.BCCSP.SwOpts.Ephemeral = false
	General.BCCSP.SwOpts.FileKeystore.KeyStorePath = "/opt/hyperledger/gopenbanking/crypto-config/ordererOrganizations/italktoyou.cn/orderers/orderer.italktoyou.cn/msp/keystore"
	General.BCCSP.SwOpts.DummyKeystore =
	General.BCCSP.SwOpts.InmemKeystore =
	General.BCCSP.PluginOpts =
	General.Authentication.TimeWindow = 15m0s
	FileLedger.Location = "/opt/hyperledger/gopenbanking/production/orderer"
	FileLedger.Prefix = "hyperledger-gopenbanking-ordererledger"
	RAMLedger.HistorySize = 1000
	Kafka.Retry.ShortInterval = 5s
	Kafka.Retry.ShortTotal = 10m0s
	Kafka.Retry.LongInterval = 5m0s
	Kafka.Retry.LongTotal = 12h0m0s
	Kafka.Retry.NetworkTimeouts.DialTimeout = 10s
	Kafka.Retry.NetworkTimeouts.ReadTimeout = 10s
	Kafka.Retry.NetworkTimeouts.WriteTimeout = 10s
	Kafka.Retry.Metadata.RetryMax = 3
	Kafka.Retry.Metadata.RetryBackoff = 250ms
	Kafka.Retry.Producer.RetryMax = 3
	Kafka.Retry.Producer.RetryBackoff = 100ms
	Kafka.Retry.Consumer.RetryBackoff = 2s
	Kafka.Verbose = false
	Kafka.Version = 0.10.2.0
	Kafka.TLS.Enabled = false
	Kafka.TLS.PrivateKey = ""
	Kafka.TLS.Certificate = ""
	Kafka.TLS.RootCAs = []
	Kafka.TLS.ClientAuthRequired = false
	Kafka.TLS.ClientRootCAs = []
	Kafka.SASLPlain.Enabled = false
	Kafka.SASLPlain.User = ""
	Kafka.SASLPlain.Password = ""
	Kafka.Topic.ReplicationFactor = 3
	Debug.BroadcastTraceDir = ""
	Debug.DeliverTraceDir = ""
	Consensus = map[WALDir:/opt/hyperledger/gopenbanking/production/orderer/etcdraft/wal SnapDir:/opt/hyperledger/gopenbanking/production/orderer/etcdraft/snapshot]
	Operations.ListenAddress = "127.0.0.1:8443"
	Operations.TLS.Enabled = false
	Operations.TLS.PrivateKey = ""
	Operations.TLS.Certificate = ""
	Operations.TLS.RootCAs = []
	Operations.TLS.ClientAuthRequired = false
	Operations.TLS.ClientRootCAs = []
	Metrics.Provider = "disabled"
	Metrics.Statsd.Network = "udp"
	Metrics.Statsd.Address = ""
	Metrics.Statsd.WriteInterval = 30s
	Metrics.Statsd.Prefix = ""
[34m2019-08-06 23:19:39.045 CST [orderer.common.server] extractSysChanLastConfig -> INFO 003[0m Not bootstrapping because of 1 existing channels
[34m2019-08-06 23:19:39.049 CST [orderer.common.server] extractSysChanLastConfig -> INFO 004[0m System channel: name=orgschannel, height=1, last config block number=0
[34m2019-08-06 23:19:39.049 CST [orderer.common.server] selectClusterBootBlock -> INFO 005[0m Cluster boot block is bootstrap (genesis) block; Blocks Header.Number system-channel=0, bootstrap=0
[34m2019-08-06 23:19:39.055 CST [orderer.common.cluster] loadVerifier -> INFO 006[0m Loaded verifier for channel orgschannel from config block at index 0
[34m2019-08-06 23:19:39.055 CST [orderer.common.server] initializeMultichannelRegistrar -> INFO 007[0m Not bootstrapping because of existing channels
[34m2019-08-06 23:19:39.061 CST [orderer.commmon.multichannel] Initialize -> INFO 008[0m Starting system channel 'orgschannel' with genesis block hash d4e2d7fd4a8a645c2efad4cfd28da4370314b6a3b1456be0bdf183b4d5d14d68 and orderer type solo
[34m2019-08-06 23:19:39.061 CST [orderer.common.server] Start -> INFO 009[0m Starting orderer:
 Version: 1.4.2
 Commit SHA: c6cc550
 Go version: go1.11.5
 OS/Arch: linux/amd64
[34m2019-08-06 23:19:39.061 CST [orderer.common.server] Start -> INFO 00a[0m Beginning to serve requests
[33m2019-08-06 23:25:39.670 CST [orderer.common.broadcast] ProcessMessage -> WARN 00b[0m [channel: orgschannel] Rejecting broadcast of config message from 172.26.148.216:36336 because of error: implicit policy evaluation failed - 0 sub-policies were satisfied, but this policy requires 1 of the 'Writers' sub-policies to be satisfied: permission denied
[34m2019-08-06 23:25:39.670 CST [comm.grpc.server] 1 -> INFO 00c[0m streaming call completed grpc.service=orderer.AtomicBroadcast grpc.method=Broadcast grpc.peer_address=172.26.148.216:36336 grpc.code=OK grpc.call_duration=689.851µs
[33m2019-08-06 23:25:39.672 CST [common.deliver] Handle -> WARN 00d[0m Error reading from 172.26.148.216:36334: rpc error: code = Canceled desc = context canceled
[34m2019-08-06 23:25:39.672 CST [comm.grpc.server] 1 -> INFO 00e[0m streaming call completed grpc.service=orderer.AtomicBroadcast grpc.method=Deliver grpc.peer_address=172.26.148.216:36334 error="rpc error: code = Canceled desc = context canceled" grpc.code=Canceled grpc.call_duration=2.927406ms
[33m2019-08-07 08:51:21.273 CST [orderer.common.broadcast] ProcessMessage -> WARN 00f[0m [channel: orgschannel] Rejecting broadcast of config message from 172.26.148.216:36482 because of error: implicit policy evaluation failed - 0 sub-policies were satisfied, but this policy requires 1 of the 'Writers' sub-policies to be satisfied: permission denied
[34m2019-08-07 08:51:21.273 CST [comm.grpc.server] 1 -> INFO 010[0m streaming call completed grpc.service=orderer.AtomicBroadcast grpc.method=Broadcast grpc.peer_address=172.26.148.216:36482 grpc.code=OK grpc.call_duration=336.55µs
[33m2019-08-07 08:51:21.275 CST [common.deliver] Handle -> WARN 011[0m Error reading from 172.26.148.216:36480: rpc error: code = Canceled desc = context canceled
[34m2019-08-07 08:51:21.275 CST [comm.grpc.server] 1 -> INFO 012[0m streaming call completed grpc.service=orderer.AtomicBroadcast grpc.method=Deliver grpc.peer_address=172.26.148.216:36480 error="rpc error: code = Canceled desc = context canceled" grpc.code=Canceled grpc.call_duration=2.710605ms
[33m2019-08-07 08:51:41.712 CST [orderer.common.broadcast] ProcessMessage -> WARN 013[0m [channel: orgschannel] Rejecting broadcast of config message from 172.26.148.216:36486 because of error: implicit policy evaluation failed - 0 sub-policies were satisfied, but this policy requires 1 of the 'Writers' sub-policies to be satisfied: permission denied
[34m2019-08-07 08:51:41.712 CST [comm.grpc.server] 1 -> INFO 014[0m streaming call completed grpc.service=orderer.AtomicBroadcast grpc.method=Broadcast grpc.peer_address=172.26.148.216:36486 grpc.code=OK grpc.call_duration=264.477µs
[33m2019-08-07 08:51:41.713 CST [common.deliver] Handle -> WARN 015[0m Error reading from 172.26.148.216:36484: rpc error: code = Canceled desc = context canceled
[34m2019-08-07 08:51:41.713 CST [comm.grpc.server] 1 -> INFO 016[0m streaming call completed grpc.service=orderer.AtomicBroadcast grpc.method=Deliver grpc.peer_address=172.26.148.216:36484 error="rpc error: code = Canceled desc = context canceled" grpc.code=Canceled grpc.call_duration=2.405715ms
[33m2019-08-07 09:27:58.846 CST [orderer.common.broadcast] ProcessMessage -> WARN 017[0m [channel: orgschannel] Rejecting broadcast of config message from 172.26.148.216:36500 because of error: implicit policy evaluation failed - 0 sub-policies were satisfied, but this policy requires 1 of the 'Writers' sub-policies to be satisfied: permission denied
[34m2019-08-07 09:27:58.846 CST [comm.grpc.server] 1 -> INFO 018[0m streaming call completed grpc.service=orderer.AtomicBroadcast grpc.method=Broadcast grpc.peer_address=172.26.148.216:36500 grpc.code=OK grpc.call_duration=318.357µs
[33m2019-08-07 09:27:58.848 CST [common.deliver] Handle -> WARN 019[0m Error reading from 172.26.148.216:36498: rpc error: code = Canceled desc = context canceled
[34m2019-08-07 09:27:58.848 CST [comm.grpc.server] 1 -> INFO 01a[0m streaming call completed grpc.service=orderer.AtomicBroadcast grpc.method=Deliver grpc.peer_address=172.26.148.216:36498 error="rpc error: code = Canceled desc = context canceled" grpc.code=Canceled grpc.call_duration=2.983266ms
[33m2019-08-07 09:46:06.492 CST [orderer.common.broadcast] ProcessMessage -> WARN 01b[0m [channel: orgschannel] Rejecting broadcast of config message from 172.26.148.216:36504 because of error: implicit policy evaluation failed - 0 sub-policies were satisfied, but this policy requires 1 of the 'Writers' sub-policies to be satisfied: permission denied
[34m2019-08-07 09:46:06.492 CST [comm.grpc.server] 1 -> INFO 01c[0m streaming call completed grpc.service=orderer.AtomicBroadcast grpc.method=Broadcast grpc.peer_address=172.26.148.216:36504 grpc.code=OK grpc.call_duration=696.246µs
[33m2019-08-07 09:46:06.494 CST [common.deliver] Handle -> WARN 01d[0m Error reading from 172.26.148.216:36502: rpc error: code = Canceled desc = context canceled
[34m2019-08-07 09:46:06.494 CST [comm.grpc.server] 1 -> INFO 01e[0m streaming call completed grpc.service=orderer.AtomicBroadcast grpc.method=Deliver grpc.peer_address=172.26.148.216:36502 error="rpc error: code = Canceled desc = context canceled" grpc.code=Canceled grpc.call_duration=3.159139ms
[33m2019-08-07 10:17:40.876 CST [orderer.common.broadcast] ProcessMessage -> WARN 01f[0m [channel: orgschannel] Rejecting broadcast of config message from 172.26.148.216:36508 because of error: implicit policy evaluation failed - 0 sub-policies were satisfied, but this policy requires 1 of the 'Writers' sub-policies to be satisfied: permission denied
[34m2019-08-07 10:17:40.877 CST [comm.grpc.server] 1 -> INFO 020[0m streaming call completed grpc.service=orderer.AtomicBroadcast grpc.method=Broadcast grpc.peer_address=172.26.148.216:36508 grpc.code=OK grpc.call_duration=333.107µs
[33m2019-08-07 10:17:40.878 CST [common.deliver] Handle -> WARN 021[0m Error reading from 172.26.148.216:36506: rpc error: code = Canceled desc = context canceled
[34m2019-08-07 10:17:40.878 CST [comm.grpc.server] 1 -> INFO 022[0m streaming call completed grpc.service=orderer.AtomicBroadcast grpc.method=Deliver grpc.peer_address=172.26.148.216:36506 error="rpc error: code = Canceled desc = context canceled" grpc.code=Canceled grpc.call_duration=2.889632ms
[33m2019-08-07 10:26:55.823 CST [orderer.common.broadcast] ProcessMessage -> WARN 023[0m [channel: orgschannel] Rejecting broadcast of config message from 172.26.148.216:36522 because of error: implicit policy evaluation failed - 0 sub-policies were satisfied, but this policy requires 1 of the 'Writers' sub-policies to be satisfied: permission denied
[34m2019-08-07 10:26:55.823 CST [comm.grpc.server] 1 -> INFO 024[0m streaming call completed grpc.service=orderer.AtomicBroadcast grpc.method=Broadcast grpc.peer_address=172.26.148.216:36522 grpc.code=OK grpc.call_duration=343.3µs
[33m2019-08-07 10:26:55.824 CST [common.deliver] Handle -> WARN 025[0m Error reading from 172.26.148.216:36520: rpc error: code = Canceled desc = context canceled
[34m2019-08-07 10:26:55.824 CST [comm.grpc.server] 1 -> INFO 026[0m streaming call completed grpc.service=orderer.AtomicBroadcast grpc.method=Deliver grpc.peer_address=172.26.148.216:36520 error="rpc error: code = Canceled desc = context canceled" grpc.code=Canceled grpc.call_duration=2.557968ms
